<?xml version="1.0" encoding="UTF-8"?>
<!-- Generated by org.testng.reporters.JUnitReportReporter -->
<testsuite name="com.cts.tests.LoginTest" tests="2" time="3.599" ignored="0" failures="0" timestamp="01 Sep 2017 12:23:16 GMT" skipped="0" hostname="csn-cgz-q51-021" errors="0">
  <testcase name="submitBlankForm" time="0.646" classname="com.cts.tests.LoginTest"/>
  <testcase name="userRegistration" time="2.953" classname="com.cts.tests.LoginTest"/>
</testsuite> <!-- com.cts.tests.LoginTest -->
